# JRE version: OpenJDK Runtime Environment Temurin-21.0.10+7 (21.0.10+7) (build 21.0.10+7-LTS)
# Java VM: OpenJDK 64-Bit Server VM Temurin-21.0.10+7 (21.0.10+7-LTS, mixed mode, sharing, tiered, compressed oops, compressed class ptrs, parallel gc, windows-amd64)
GC Precious Log:
 CardTable entry size: 512
 CPUs: 8 total, 8 available
 Memory: 16078M
 Large Page Support: Disabled
 NUMA Support: Disabled
 Compressed Oops: Enabled (32-bit)
 Alignments: Space 512K, Generation 512K, Heap 2M
 Heap Min Capacity: 100M
 Heap Initial Capacity: 100M
 Heap Max Capacity: 2G
 Pre-touch: Disabled
 Parallel Workers: 8
Heap:
 PSYoungGen      total 8704K, used 4777K [0x00000000d5580000, 0x00000000d6100000, 0x0000000100000000)
  eden space 7680K, 49% used [0x00000000d5580000,0x00000000d59315f8,0x00000000d5d00000)
  from space 1024K, 97% used [0x00000000d5e00000,0x00000000d5ef8e58,0x00000000d5f00000)
  to   space 2048K, 0% used [0x00000000d5f00000,0x00000000d5f00000,0x00000000d6100000)
 ParOldGen       total 84992K, used 68128K [0x0000000080000000, 0x0000000085300000, 0x00000000d5580000)
  object space 84992K, 80% used [0x0000000080000000,0x0000000084288290,0x0000000085300000)
 Metaspace       used 64852K, committed 66176K, reserved 1114112K
  class space    used 6980K, committed 7552K, reserved 1048576K
GC Heap History (20 events):
Event: 7131.606 GC heap before
{Heap before GC invocations=141 (full 3):
 PSYoungGen      total 8704K, used 8147K [0x00000000d5580000, 0x00000000d5f80000, 0x0000000100000000)
  eden space 7680K, 100% used [0x00000000d5580000,0x00000000d5d00000,0x00000000d5d00000)
  from space 1024K, 45% used [0x00000000d5d80000,0x00000000d5df4db0,0x00000000d5e80000)
  to   space 512K, 0% used [0x00000000d5f00000,0x00000000d5f00000,0x00000000d5f80000)
 ParOldGen       total 84992K, used 61672K [0x0000000080000000, 0x0000000085300000, 0x00000000d5580000)
  object space 84992K, 72% used [0x0000000080000000,0x0000000083c3a1e8,0x0000000085300000)
 Metaspace       used 63456K, committed 64832K, reserved 1114112K
  class space    used 6839K, committed 7424K, reserved 1048576K
}
Event: 7131.609 GC heap after
{Heap after GC invocations=141 (full 3):
 PSYoungGen      total 8192K, used 491K [0x00000000d5580000, 0x00000000d5f80000, 0x0000000100000000)
  eden space 7680K, 0% used [0x00000000d5580000,0x00000000d5580000,0x00000000d5d00000)
  from space 512K, 95% used [0x00000000d5f00000,0x00000000d5f7ac08,0x00000000d5f80000)
  to   space 1024K, 0% used [0x00000000d5d80000,0x00000000d5d80000,0x00000000d5e80000)
 ParOldGen       total 84992K, used 62054K [0x0000000080000000, 0x0000000085300000, 0x00000000d5580000)
  object space 84992K, 73% used [0x0000000080000000,0x0000000083c99ae8,0x0000000085300000)
 Metaspace       used 63456K, committed 64832K, reserved 1114112K
  class space    used 6839K, committed 7424K, reserved 1048576K
}
Event: 7131.663 GC heap before
{Heap before GC invocations=142 (full 3):
 PSYoungGen      total 8192K, used 8171K [0x00000000d5580000, 0x00000000d5f80000, 0x0000000100000000)
  eden space 7680K, 100% used [0x00000000d5580000,0x00000000d5d00000,0x00000000d5d00000)
  from space 512K, 95% used [0x00000000d5f00000,0x00000000d5f7ac08,0x00000000d5f80000)
  to   space 1024K, 0% used [0x00000000d5d80000,0x00000000d5d80000,0x00000000d5e80000)
 ParOldGen       total 84992K, used 62054K [0x0000000080000000, 0x0000000085300000, 0x00000000d5580000)
  object space 84992K, 73% used [0x0000000080000000,0x0000000083c99ae8,0x0000000085300000)
 Metaspace       used 63461K, committed 64832K, reserved 1114112K
  class space    used 6839K, committed 7424K, reserved 1048576K
}
Event: 7131.666 GC heap after
{Heap after GC invocations=142 (full 3):
 PSYoungGen      total 8704K, used 480K [0x00000000d5580000, 0x00000000d5f80000, 0x0000000100000000)
  eden space 7680K, 0% used [0x00000000d5580000,0x00000000d5580000,0x00000000d5d00000)
  from space 1024K, 46% used [0x00000000d5d80000,0x00000000d5df8270,0x00000000d5e80000)
  to   space 1024K, 0% used [0x00000000d5e80000,0x00000000d5e80000,0x00000000d5f80000)
 ParOldGen       total 84992K, used 62460K [0x0000000080000000, 0x0000000085300000, 0x00000000d5580000)
  object space 84992K, 73% used [0x0000000080000000,0x0000000083cff118,0x0000000085300000)
 Metaspace       used 63461K, committed 64832K, reserved 1114112K
  class space    used 6839K, committed 7424K, reserved 1048576K
}
Event: 7131.715 GC heap before
{Heap before GC invocations=143 (full 3):
 PSYoungGen      total 8704K, used 8160K [0x00000000d5580000, 0x00000000d5f80000, 0x0000000100000000)
  eden space 7680K, 100% used [0x00000000d5580000,0x00000000d5d00000,0x00000000d5d00000)
  from space 1024K, 46% used [0x00000000d5d80000,0x00000000d5df8270,0x00000000d5e80000)
  to   space 1024K, 0% used [0x00000000d5e80000,0x00000000d5e80000,0x00000000d5f80000)
 ParOldGen       total 84992K, used 62460K [0x0000000080000000, 0x0000000085300000, 0x00000000d5580000)
  object space 84992K, 73% used [0x0000000080000000,0x0000000083cff118,0x0000000085300000)
 Metaspace       used 63461K, committed 64832K, reserved 1114112K
  class space    used 6839K, committed 7424K, reserved 1048576K
}
Event: 7131.719 GC heap after
{Heap after GC invocations=143 (full 3):
 PSYoungGen      total 8704K, used 618K [0x00000000d5580000, 0x00000000d5f80000, 0x0000000100000000)
  eden space 7680K, 0% used [0x00000000d5580000,0x00000000d5580000,0x00000000d5d00000)
  from space 1024K, 60% used [0x00000000d5e80000,0x00000000d5f1a930,0x00000000d5f80000)
  to   space 1024K, 0% used [0x00000000d5d80000,0x00000000d5d80000,0x00000000d5e80000)
 ParOldGen       total 84992K, used 62815K [0x0000000080000000, 0x0000000085300000, 0x00000000d5580000)
  object space 84992K, 73% used [0x0000000080000000,0x0000000083d57e18,0x0000000085300000)
 Metaspace       used 63461K, committed 64832K, reserved 1114112K
  class space    used 6839K, committed 7424K, reserved 1048576K
}
Event: 7131.857 GC heap before
{Heap before GC invocations=144 (full 3):
 PSYoungGen      total 8704K, used 8298K [0x00000000d5580000, 0x00000000d5f80000, 0x0000000100000000)
  eden space 7680K, 100% used [0x00000000d5580000,0x00000000d5d00000,0x00000000d5d00000)
  from space 1024K, 60% used [0x00000000d5e80000,0x00000000d5f1a930,0x00000000d5f80000)
  to   space 1024K, 0% used [0x00000000d5d80000,0x00000000d5d80000,0x00000000d5e80000)
 ParOldGen       total 84992K, used 62815K [0x0000000080000000, 0x0000000085300000, 0x00000000d5580000)
  object space 84992K, 73% used [0x0000000080000000,0x0000000083d57e18,0x0000000085300000)
 Metaspace       used 63468K, committed 64832K, reserved 1114112K
  class space    used 6839K, committed 7424K, reserved 1048576K
}
Event: 7131.865 GC heap after
{Heap after GC invocations=144 (full 3):
 PSYoungGen      total 8704K, used 1007K [0x00000000d5580000, 0x00000000d6300000, 0x0000000100000000)
  eden space 7680K, 0% used [0x00000000d5580000,0x00000000d5580000,0x00000000d5d00000)
  from space 1024K, 98% used [0x00000000d5d80000,0x00000000d5e7bd70,0x00000000d5e80000)
  to   space 3072K, 0% used [0x00000000d6000000,0x00000000d6000000,0x00000000d6300000)
 ParOldGen       total 84992K, used 64479K [0x0000000080000000, 0x0000000085300000, 0x00000000d5580000)
  object space 84992K, 75% used [0x0000000080000000,0x0000000083ef7f48,0x0000000085300000)
 Metaspace       used 63468K, committed 64832K, reserved 1114112K
  class space    used 6839K, committed 7424K, reserved 1048576K
}
Event: 7131.955 GC heap before
{Heap before GC invocations=145 (full 3):
 PSYoungGen      total 8704K, used 8687K [0x00000000d5580000, 0x00000000d6300000, 0x0000000100000000)
  eden space 7680K, 100% used [0x00000000d5580000,0x00000000d5d00000,0x00000000d5d00000)
  from space 1024K, 98% used [0x00000000d5d80000,0x00000000d5e7bd70,0x00000000d5e80000)
  to   space 3072K, 0% used [0x00000000d6000000,0x00000000d6000000,0x00000000d6300000)
 ParOldGen       total 84992K, used 64479K [0x0000000080000000, 0x0000000085300000, 0x00000000d5580000)
  object space 84992K, 75% used [0x0000000080000000,0x0000000083ef7f48,0x0000000085300000)
 Metaspace       used 63469K, committed 64832K, reserved 1114112K
  class space    used 6839K, committed 7424K, reserved 1048576K
}
Event: 7131.961 GC heap after
{Heap after GC invocations=145 (full 3):
 PSYoungGen      total 8704K, used 535K [0x00000000d5580000, 0x00000000d6100000, 0x0000000100000000)
  eden space 7680K, 0% used [0x00000000d5580000,0x00000000d5580000,0x00000000d5d00000)
  from space 1024K, 52% used [0x00000000d6000000,0x00000000d6085de0,0x00000000d6100000)
  to   space 1536K, 0% used [0x00000000d5e00000,0x00000000d5e00000,0x00000000d5f80000)
 ParOldGen       total 84992K, used 65510K [0x0000000080000000, 0x0000000085300000, 0x00000000d5580000)
  object space 84992K, 77% used [0x0000000080000000,0x0000000083ff9ac0,0x0000000085300000)
 Metaspace       used 63469K, committed 64832K, reserved 1114112K
  class space    used 6839K, committed 7424K, reserved 1048576K
}
Event: 7132.031 GC heap before
{Heap before GC invocations=146 (full 3):
 PSYoungGen      total 8704K, used 8215K [0x00000000d5580000, 0x00000000d6100000, 0x0000000100000000)
  eden space 7680K, 100% used [0x00000000d5580000,0x00000000d5d00000,0x00000000d5d00000)
  from space 1024K, 52% used [0x00000000d6000000,0x00000000d6085de0,0x00000000d6100000)
  to   space 1536K, 0% used [0x00000000d5e00000,0x00000000d5e00000,0x00000000d5f80000)
 ParOldGen       total 84992K, used 65510K [0x0000000080000000, 0x0000000085300000, 0x00000000d5580000)
  object space 84992K, 77% used [0x0000000080000000,0x0000000083ff9ac0,0x0000000085300000)
 Metaspace       used 63471K, committed 64832K, reserved 1114112K
  class space    used 6839K, committed 7424K, reserved 1048576K
}
Event: 7132.042 GC heap after
{Heap after GC invocations=146 (full 3):
 PSYoungGen      total 9216K, used 550K [0x00000000d5580000, 0x00000000d6080000, 0x0000000100000000)
  eden space 7680K, 0% used [0x00000000d5580000,0x00000000d5580000,0x00000000d5d00000)
  from space 1536K, 35% used [0x00000000d5e00000,0x00000000d5e898e0,0x00000000d5f80000)
  to   space 1024K, 0% used [0x00000000d5f80000,0x00000000d5f80000,0x00000000d6080000)
 ParOldGen       total 84992K, used 65919K [0x0000000080000000, 0x0000000085300000, 0x00000000d5580000)
  object space 84992K, 77% used [0x0000000080000000,0x000000008405ffe8,0x0000000085300000)
 Metaspace       used 63471K, committed 64832K, reserved 1114112K
  class space    used 6839K, committed 7424K, reserved 1048576K
}
Event: 7132.125 GC heap before
{Heap before GC invocations=147 (full 3):
 PSYoungGen      total 9216K, used 8230K [0x00000000d5580000, 0x00000000d6080000, 0x0000000100000000)
  eden space 7680K, 100% used [0x00000000d5580000,0x00000000d5d00000,0x00000000d5d00000)
  from space 1536K, 35% used [0x00000000d5e00000,0x00000000d5e898e0,0x00000000d5f80000)
  to   space 1024K, 0% used [0x00000000d5f80000,0x00000000d5f80000,0x00000000d6080000)
 ParOldGen       total 84992K, used 65919K [0x0000000080000000, 0x0000000085300000, 0x00000000d5580000)
  object space 84992K, 77% used [0x0000000080000000,0x000000008405ffe8,0x0000000085300000)
 Metaspace       used 63578K, committed 64960K, reserved 1114112K
  class space    used 6846K, committed 7424K, reserved 1048576K
}
Event: 7132.128 GC heap after
{Heap after GC invocations=147 (full 3):
 PSYoungGen      total 8192K, used 497K [0x00000000d5580000, 0x00000000d6000000, 0x0000000100000000)
  eden space 7680K, 0% used [0x00000000d5580000,0x00000000d5580000,0x00000000d5d00000)
  from space 512K, 97% used [0x00000000d5f80000,0x00000000d5ffc7d0,0x00000000d6000000)
  to   space 1024K, 0% used [0x00000000d5e00000,0x00000000d5e00000,0x00000000d5f00000)
 ParOldGen       total 84992K, used 66295K [0x0000000080000000, 0x0000000085300000, 0x00000000d5580000)
  object space 84992K, 78% used [0x0000000080000000,0x00000000840bde80,0x0000000085300000)
 Metaspace       used 63578K, committed 64960K, reserved 1114112K
  class space    used 6846K, committed 7424K, reserved 1048576K
}
Event: 7132.181 GC heap before
{Heap before GC invocations=148 (full 3):
 PSYoungGen      total 8192K, used 8177K [0x00000000d5580000, 0x00000000d6000000, 0x0000000100000000)
  eden space 7680K, 100% used [0x00000000d5580000,0x00000000d5d00000,0x00000000d5d00000)
  from space 512K, 97% used [0x00000000d5f80000,0x00000000d5ffc7d0,0x00000000d6000000)
  to   space 1024K, 0% used [0x00000000d5e00000,0x00000000d5e00000,0x00000000d5f00000)
 ParOldGen       total 84992K, used 66295K [0x0000000080000000, 0x0000000085300000, 0x00000000d5580000)
  object space 84992K, 78% used [0x0000000080000000,0x00000000840bde80,0x0000000085300000)
 Metaspace       used 63606K, committed 64960K, reserved 1114112K
  class space    used 6850K, committed 7424K, reserved 1048576K
}
Event: 7132.185 GC heap after
{Heap after GC invocations=148 (full 3):
 PSYoungGen      total 8704K, used 1024K [0x00000000d5580000, 0x00000000d6100000, 0x0000000100000000)
  eden space 7680K, 0% used [0x00000000d5580000,0x00000000d5580000,0x00000000d5d00000)
  from space 1024K, 100% used [0x00000000d5e00000,0x00000000d5f00000,0x00000000d5f00000)
  to   space 2048K, 0% used [0x00000000d5f00000,0x00000000d5f00000,0x00000000d6100000)
 ParOldGen       total 84992K, used 66698K [0x0000000080000000, 0x0000000085300000, 0x00000000d5580000)
  object space 84992K, 78% used [0x0000000080000000,0x0000000084122940,0x0000000085300000)
 Metaspace       used 63606K, committed 64960K, reserved 1114112K
  class space    used 6850K, committed 7424K, reserved 1048576K
}
Event: 7132.240 GC heap before
{Heap before GC invocations=149 (full 3):
 PSYoungGen      total 8704K, used 8704K [0x00000000d5580000, 0x00000000d6100000, 0x0000000100000000)
  eden space 7680K, 100% used [0x00000000d5580000,0x00000000d5d00000,0x00000000d5d00000)
  from space 1024K, 100% used [0x00000000d5e00000,0x00000000d5f00000,0x00000000d5f00000)
  to   space 2048K, 0% used [0x00000000d5f00000,0x00000000d5f00000,0x00000000d6100000)
 ParOldGen       total 84992K, used 66698K [0x0000000080000000, 0x0000000085300000, 0x00000000d5580000)
  object space 84992K, 78% used [0x0000000080000000,0x0000000084122940,0x0000000085300000)
 Metaspace       used 63609K, committed 64960K, reserved 1114112K
  class space    used 6850K, committed 7424K, reserved 1048576K
}
Event: 7132.244 GC heap after
{Heap after GC invocations=149 (full 3):
 PSYoungGen      total 8704K, used 576K [0x00000000d5580000, 0x00000000d6000000, 0x0000000100000000)
  eden space 7680K, 0% used [0x00000000d5580000,0x00000000d5580000,0x00000000d5d00000)
  from space 1024K, 56% used [0x00000000d5f00000,0x00000000d5f90000,0x00000000d6000000)
  to   space 1024K, 0% used [0x00000000d5e00000,0x00000000d5e00000,0x00000000d5f00000)
 ParOldGen       total 84992K, used 67610K [0x0000000080000000, 0x0000000085300000, 0x00000000d5580000)
  object space 84992K, 79% used [0x0000000080000000,0x0000000084206950,0x0000000085300000)
 Metaspace       used 63609K, committed 64960K, reserved 1114112K
  class space    used 6850K, committed 7424K, reserved 1048576K
}
Event: 7132.674 GC heap before
{Heap before GC invocations=150 (full 3):
 PSYoungGen      total 8704K, used 8256K [0x00000000d5580000, 0x00000000d6000000, 0x0000000100000000)
  eden space 7680K, 100% used [0x00000000d5580000,0x00000000d5d00000,0x00000000d5d00000)
  from space 1024K, 56% used [0x00000000d5f00000,0x00000000d5f90000,0x00000000d6000000)
  to   space 1024K, 0% used [0x00000000d5e00000,0x00000000d5e00000,0x00000000d5f00000)
 ParOldGen       total 84992K, used 67610K [0x0000000080000000, 0x0000000085300000, 0x00000000d5580000)
  object space 84992K, 79% used [0x0000000080000000,0x0000000084206950,0x0000000085300000)
 Metaspace       used 64482K, committed 65856K, reserved 1114112K
  class space    used 6953K, committed 7552K, reserved 1048576K
}
Event: 7132.677 GC heap after
{Heap after GC invocations=150 (full 3):
 PSYoungGen      total 8704K, used 995K [0x00000000d5580000, 0x00000000d6100000, 0x0000000100000000)
  eden space 7680K, 0% used [0x00000000d5580000,0x00000000d5580000,0x00000000d5d00000)
  from space 1024K, 97% used [0x00000000d5e00000,0x00000000d5ef8e58,0x00000000d5f00000)
  to   space 2048K, 0% used [0x00000000d5f00000,0x00000000d5f00000,0x00000000d6100000)
 ParOldGen       total 84992K, used 68128K [0x0000000080000000, 0x0000000085300000, 0x00000000d5580000)
  object space 84992K, 80% used [0x0000000080000000,0x0000000084288290,0x0000000085300000)
 Metaspace       used 64482K, committed 65856K, reserved 1114112K
  class space    used 6953K, committed 7552K, reserved 1048576K
}

