# JRE version: OpenJDK Runtime Environment Temurin-21.0.10+7 (21.0.10+7) (build 21.0.10+7-LTS)
# Java VM: OpenJDK 64-Bit Server VM Temurin-21.0.10+7 (21.0.10+7-LTS, mixed mode, sharing, tiered, compressed oops, compressed class ptrs, parallel gc, windows-amd64)
GC Precious Log:
 CardTable entry size: 512
 CPUs: 8 total, 8 available
 Memory: 16078M
 Large Page Support: Disabled
 NUMA Support: Disabled
 Compressed Oops: Enabled (32-bit)
 Alignments: Space 512K, Generation 512K, Heap 2M
 Heap Min Capacity: 100M
 Heap Initial Capacity: 100M
 Heap Max Capacity: 2G
 Pre-touch: Disabled
 Parallel Workers: 8
Heap:
 PSYoungGen      total 18432K, used 7105K [0x00000000d5580000, 0x00000000d6c00000, 0x0000000100000000)
  eden space 17920K, 38% used [0x00000000d5580000,0x00000000d5c2c510,0x00000000d6700000)
  from space 512K, 53% used [0x00000000d6700000,0x00000000d6744010,0x00000000d6780000)
  to   space 2048K, 0% used [0x00000000d6a00000,0x00000000d6a00000,0x00000000d6c00000)
 ParOldGen       total 1028096K, used 288443K [0x0000000080000000, 0x00000000bec00000, 0x00000000d5580000)
  object space 1028096K, 28% used [0x0000000080000000,0x00000000919aed40,0x00000000bec00000)
 Metaspace       used 83173K, committed 84800K, reserved 1179648K
  class space    used 8270K, committed 8960K, reserved 1048576K
GC Heap History (20 events):
Event: 21668.607 GC heap before
{Heap before GC invocations=1727 (full 5):
 PSYoungGen      total 18432K, used 18432K [0x00000000d5580000, 0x00000000d6b00000, 0x0000000100000000)
  eden space 17920K, 100% used [0x00000000d5580000,0x00000000d6700000,0x00000000d6700000)
  from space 512K, 100% used [0x00000000d6a00000,0x00000000d6a80000,0x00000000d6a80000)
  to   space 512K, 0% used [0x00000000d6a80000,0x00000000d6a80000,0x00000000d6b00000)
 ParOldGen       total 1028096K, used 268685K [0x0000000080000000, 0x00000000bec00000, 0x00000000d5580000)
  object space 1028096K, 26% used [0x0000000080000000,0x00000000906635d8,0x00000000bec00000)
 Metaspace       used 83060K, committed 84736K, reserved 1179648K
  class space    used 8270K, committed 8960K, reserved 1048576K
}
Event: 21668.616 GC heap after
{Heap after GC invocations=1727 (full 5):
 PSYoungGen      total 18432K, used 506K [0x00000000d5580000, 0x00000000d6e00000, 0x0000000100000000)
  eden space 17920K, 0% used [0x00000000d5580000,0x00000000d5580000,0x00000000d6700000)
  from space 512K, 98% used [0x00000000d6a80000,0x00000000d6afe918,0x00000000d6b00000)
  to   space 3584K, 0% used [0x00000000d6700000,0x00000000d6700000,0x00000000d6a80000)
 ParOldGen       total 1028096K, used 271234K [0x0000000080000000, 0x00000000bec00000, 0x00000000d5580000)
  object space 1028096K, 26% used [0x0000000080000000,0x00000000908e09b0,0x00000000bec00000)
 Metaspace       used 83060K, committed 84736K, reserved 1179648K
  class space    used 8270K, committed 8960K, reserved 1048576K
}
Event: 21668.635 GC heap before
{Heap before GC invocations=1728 (full 5):
 PSYoungGen      total 18432K, used 18187K [0x00000000d5580000, 0x00000000d6e00000, 0x0000000100000000)
  eden space 17920K, 98% used [0x00000000d5580000,0x00000000d66c43e8,0x00000000d6700000)
  from space 512K, 98% used [0x00000000d6a80000,0x00000000d6afe918,0x00000000d6b00000)
  to   space 3584K, 0% used [0x00000000d6700000,0x00000000d6700000,0x00000000d6a80000)
 ParOldGen       total 1028096K, used 271234K [0x0000000080000000, 0x00000000bec00000, 0x00000000d5580000)
  object space 1028096K, 26% used [0x0000000080000000,0x00000000908e09b0,0x00000000bec00000)
 Metaspace       used 83060K, committed 84736K, reserved 1179648K
  class space    used 8270K, committed 8960K, reserved 1048576K
}
Event: 21668.637 GC heap after
{Heap after GC invocations=1728 (full 5):
 PSYoungGen      total 18432K, used 192K [0x00000000d5580000, 0x00000000d6b00000, 0x0000000100000000)
  eden space 17920K, 0% used [0x00000000d5580000,0x00000000d5580000,0x00000000d6700000)
  from space 512K, 37% used [0x00000000d6700000,0x00000000d6730000,0x00000000d6780000)
  to   space 1536K, 0% used [0x00000000d6980000,0x00000000d6980000,0x00000000d6b00000)
 ParOldGen       total 1028096K, used 271559K [0x0000000080000000, 0x00000000bec00000, 0x00000000d5580000)
  object space 1028096K, 26% used [0x0000000080000000,0x0000000090931cf0,0x00000000bec00000)
 Metaspace       used 83060K, committed 84736K, reserved 1179648K
  class space    used 8270K, committed 8960K, reserved 1048576K
}
Event: 21689.060 GC heap before
{Heap before GC invocations=1729 (full 5):
 PSYoungGen      total 18432K, used 18112K [0x00000000d5580000, 0x00000000d6b00000, 0x0000000100000000)
  eden space 17920K, 100% used [0x00000000d5580000,0x00000000d6700000,0x00000000d6700000)
  from space 512K, 37% used [0x00000000d6700000,0x00000000d6730000,0x00000000d6780000)
  to   space 1536K, 0% used [0x00000000d6980000,0x00000000d6980000,0x00000000d6b00000)
 ParOldGen       total 1028096K, used 271559K [0x0000000080000000, 0x00000000bec00000, 0x00000000d5580000)
  object space 1028096K, 26% used [0x0000000080000000,0x0000000090931cf0,0x00000000bec00000)
 Metaspace       used 83071K, committed 84736K, reserved 1179648K
  class space    used 8270K, committed 8960K, reserved 1048576K
}
Event: 21689.062 GC heap after
{Heap after GC invocations=1729 (full 5):
 PSYoungGen      total 19456K, used 1055K [0x00000000d5580000, 0x00000000d6b00000, 0x0000000100000000)
  eden space 17920K, 0% used [0x00000000d5580000,0x00000000d5580000,0x00000000d6700000)
  from space 1536K, 68% used [0x00000000d6980000,0x00000000d6a87fc8,0x00000000d6b00000)
  to   space 1536K, 0% used [0x00000000d6800000,0x00000000d6800000,0x00000000d6980000)
 ParOldGen       total 1028096K, used 271599K [0x0000000080000000, 0x00000000bec00000, 0x00000000d5580000)
  object space 1028096K, 26% used [0x0000000080000000,0x000000009093bcf0,0x00000000bec00000)
 Metaspace       used 83071K, committed 84736K, reserved 1179648K
  class space    used 8270K, committed 8960K, reserved 1048576K
}
Event: 21689.152 GC heap before
{Heap before GC invocations=1730 (full 5):
 PSYoungGen      total 19456K, used 18975K [0x00000000d5580000, 0x00000000d6b00000, 0x0000000100000000)
  eden space 17920K, 100% used [0x00000000d5580000,0x00000000d6700000,0x00000000d6700000)
  from space 1536K, 68% used [0x00000000d6980000,0x00000000d6a87fc8,0x00000000d6b00000)
  to   space 1536K, 0% used [0x00000000d6800000,0x00000000d6800000,0x00000000d6980000)
 ParOldGen       total 1028096K, used 271599K [0x0000000080000000, 0x00000000bec00000, 0x00000000d5580000)
  object space 1028096K, 26% used [0x0000000080000000,0x000000009093bcf0,0x00000000bec00000)
 Metaspace       used 83077K, committed 84736K, reserved 1179648K
  class space    used 8270K, committed 8960K, reserved 1048576K
}
Event: 21689.165 GC heap after
{Heap after GC invocations=1730 (full 5):
 PSYoungGen      total 19456K, used 1535K [0x00000000d5580000, 0x00000000d7200000, 0x0000000100000000)
  eden space 17920K, 0% used [0x00000000d5580000,0x00000000d5580000,0x00000000d6700000)
  from space 1536K, 99% used [0x00000000d6800000,0x00000000d697ffa0,0x00000000d6980000)
  to   space 5632K, 0% used [0x00000000d6c80000,0x00000000d6c80000,0x00000000d7200000)
 ParOldGen       total 1028096K, used 274748K [0x0000000080000000, 0x00000000bec00000, 0x00000000d5580000)
  object space 1028096K, 26% used [0x0000000080000000,0x0000000090c4f0f0,0x00000000bec00000)
 Metaspace       used 83077K, committed 84736K, reserved 1179648K
  class space    used 8270K, committed 8960K, reserved 1048576K
}
Event: 21689.270 GC heap before
{Heap before GC invocations=1731 (full 5):
 PSYoungGen      total 19456K, used 19439K [0x00000000d5580000, 0x00000000d7200000, 0x0000000100000000)
  eden space 17920K, 99% used [0x00000000d5580000,0x00000000d66fbdd0,0x00000000d6700000)
  from space 1536K, 99% used [0x00000000d6800000,0x00000000d697ffa0,0x00000000d6980000)
  to   space 5632K, 0% used [0x00000000d6c80000,0x00000000d6c80000,0x00000000d7200000)
 ParOldGen       total 1028096K, used 274748K [0x0000000080000000, 0x00000000bec00000, 0x00000000d5580000)
  object space 1028096K, 26% used [0x0000000080000000,0x0000000090c4f0f0,0x00000000bec00000)
 Metaspace       used 83085K, committed 84736K, reserved 1179648K
  class space    used 8270K, committed 8960K, reserved 1048576K
}
Event: 21689.278 GC heap after
{Heap after GC invocations=1731 (full 5):
 PSYoungGen      total 20480K, used 2048K [0x00000000d5580000, 0x00000000d6f00000, 0x0000000100000000)
  eden space 17920K, 0% used [0x00000000d5580000,0x00000000d5580000,0x00000000d6700000)
  from space 2560K, 80% used [0x00000000d6c80000,0x00000000d6e80010,0x00000000d6f00000)
  to   space 3072K, 0% used [0x00000000d6900000,0x00000000d6900000,0x00000000d6c00000)
 ParOldGen       total 1028096K, used 276303K [0x0000000080000000, 0x00000000bec00000, 0x00000000d5580000)
  object space 1028096K, 26% used [0x0000000080000000,0x0000000090dd3fa0,0x00000000bec00000)
 Metaspace       used 83085K, committed 84736K, reserved 1179648K
  class space    used 8270K, committed 8960K, reserved 1048576K
}
Event: 21689.301 GC heap before
{Heap before GC invocations=1732 (full 5):
 PSYoungGen      total 20480K, used 19968K [0x00000000d5580000, 0x00000000d6f00000, 0x0000000100000000)
  eden space 17920K, 100% used [0x00000000d5580000,0x00000000d6700000,0x00000000d6700000)
  from space 2560K, 80% used [0x00000000d6c80000,0x00000000d6e80010,0x00000000d6f00000)
  to   space 3072K, 0% used [0x00000000d6900000,0x00000000d6900000,0x00000000d6c00000)
 ParOldGen       total 1028096K, used 276303K [0x0000000080000000, 0x00000000bec00000, 0x00000000d5580000)
  object space 1028096K, 26% used [0x0000000080000000,0x0000000090dd3fa0,0x00000000bec00000)
 Metaspace       used 83086K, committed 84736K, reserved 1179648K
  class space    used 8270K, committed 8960K, reserved 1048576K
}
Event: 21689.310 GC heap after
{Heap after GC invocations=1732 (full 5):
 PSYoungGen      total 20992K, used 3065K [0x00000000d5580000, 0x00000000d7400000, 0x0000000100000000)
  eden space 17920K, 0% used [0x00000000d5580000,0x00000000d5580000,0x00000000d6700000)
  from space 3072K, 99% used [0x00000000d6900000,0x00000000d6bfe768,0x00000000d6c00000)
  to   space 6656K, 0% used [0x00000000d6d80000,0x00000000d6d80000,0x00000000d7400000)
 ParOldGen       total 1028096K, used 278959K [0x0000000080000000, 0x00000000bec00000, 0x00000000d5580000)
  object space 1028096K, 27% used [0x0000000080000000,0x000000009106be88,0x00000000bec00000)
 Metaspace       used 83086K, committed 84736K, reserved 1179648K
  class space    used 8270K, committed 8960K, reserved 1048576K
}
Event: 21689.686 GC heap before
{Heap before GC invocations=1733 (full 5):
 PSYoungGen      total 20992K, used 20985K [0x00000000d5580000, 0x00000000d7400000, 0x0000000100000000)
  eden space 17920K, 100% used [0x00000000d5580000,0x00000000d6700000,0x00000000d6700000)
  from space 3072K, 99% used [0x00000000d6900000,0x00000000d6bfe768,0x00000000d6c00000)
  to   space 6656K, 0% used [0x00000000d6d80000,0x00000000d6d80000,0x00000000d7400000)
 ParOldGen       total 1028096K, used 278959K [0x0000000080000000, 0x00000000bec00000, 0x00000000d5580000)
  object space 1028096K, 27% used [0x0000000080000000,0x000000009106be88,0x00000000bec00000)
 Metaspace       used 83095K, committed 84736K, reserved 1179648K
  class space    used 8270K, committed 8960K, reserved 1048576K
}
Event: 21689.700 GC heap after
{Heap after GC invocations=1733 (full 5):
 PSYoungGen      total 21504K, used 3268K [0x00000000d5580000, 0x00000000d7100000, 0x0000000100000000)
  eden space 17920K, 0% used [0x00000000d5580000,0x00000000d5580000,0x00000000d6700000)
  from space 3584K, 91% used [0x00000000d6d80000,0x00000000d70b13c0,0x00000000d7100000)
  to   space 4608K, 0% used [0x00000000d6800000,0x00000000d6800000,0x00000000d6c80000)
 ParOldGen       total 1028096K, used 281843K [0x0000000080000000, 0x00000000bec00000, 0x00000000d5580000)
  object space 1028096K, 27% used [0x0000000080000000,0x000000009133cdc0,0x00000000bec00000)
 Metaspace       used 83095K, committed 84736K, reserved 1179648K
  class space    used 8270K, committed 8960K, reserved 1048576K
}
Event: 21689.851 GC heap before
{Heap before GC invocations=1734 (full 5):
 PSYoungGen      total 21504K, used 21188K [0x00000000d5580000, 0x00000000d7100000, 0x0000000100000000)
  eden space 17920K, 100% used [0x00000000d5580000,0x00000000d6700000,0x00000000d6700000)
  from space 3584K, 91% used [0x00000000d6d80000,0x00000000d70b13c0,0x00000000d7100000)
  to   space 4608K, 0% used [0x00000000d6800000,0x00000000d6800000,0x00000000d6c80000)
 ParOldGen       total 1028096K, used 281843K [0x0000000080000000, 0x00000000bec00000, 0x00000000d5580000)
  object space 1028096K, 27% used [0x0000000080000000,0x000000009133cdc0,0x00000000bec00000)
 Metaspace       used 83096K, committed 84736K, reserved 1179648K
  class space    used 8270K, committed 8960K, reserved 1048576K
}
Event: 21689.872 GC heap after
{Heap after GC invocations=1734 (full 5):
 PSYoungGen      total 19968K, used 1759K [0x00000000d5580000, 0x00000000d6e00000, 0x0000000100000000)
  eden space 17920K, 0% used [0x00000000d5580000,0x00000000d5580000,0x00000000d6700000)
  from space 2048K, 85% used [0x00000000d6800000,0x00000000d69b7ff8,0x00000000d6a00000)
  to   space 2560K, 0% used [0x00000000d6b80000,0x00000000d6b80000,0x00000000d6e00000)
 ParOldGen       total 1028096K, used 284772K [0x0000000080000000, 0x00000000bec00000, 0x00000000d5580000)
  object space 1028096K, 27% used [0x0000000080000000,0x00000000916190d0,0x00000000bec00000)
 Metaspace       used 83096K, committed 84736K, reserved 1179648K
  class space    used 8270K, committed 8960K, reserved 1048576K
}
Event: 21690.036 GC heap before
{Heap before GC invocations=1735 (full 5):
 PSYoungGen      total 19968K, used 19679K [0x00000000d5580000, 0x00000000d6e00000, 0x0000000100000000)
  eden space 17920K, 100% used [0x00000000d5580000,0x00000000d6700000,0x00000000d6700000)
  from space 2048K, 85% used [0x00000000d6800000,0x00000000d69b7ff8,0x00000000d6a00000)
  to   space 2560K, 0% used [0x00000000d6b80000,0x00000000d6b80000,0x00000000d6e00000)
 ParOldGen       total 1028096K, used 284772K [0x0000000080000000, 0x00000000bec00000, 0x00000000d5580000)
  object space 1028096K, 27% used [0x0000000080000000,0x00000000916190d0,0x00000000bec00000)
 Metaspace       used 83097K, committed 84736K, reserved 1179648K
  class space    used 8270K, committed 8960K, reserved 1048576K
}
Event: 21690.042 GC heap after
{Heap after GC invocations=1735 (full 5):
 PSYoungGen      total 20480K, used 2537K [0x00000000d5580000, 0x00000000d7000000, 0x0000000100000000)
  eden space 17920K, 0% used [0x00000000d5580000,0x00000000d5580000,0x00000000d6700000)
  from space 2560K, 99% used [0x00000000d6b80000,0x00000000d6dfa4a8,0x00000000d6e00000)
  to   space 4608K, 0% used [0x00000000d6700000,0x00000000d6700000,0x00000000d6b80000)
 ParOldGen       total 1028096K, used 286171K [0x0000000080000000, 0x00000000bec00000, 0x00000000d5580000)
  object space 1028096K, 27% used [0x0000000080000000,0x0000000091776d20,0x00000000bec00000)
 Metaspace       used 83097K, committed 84736K, reserved 1179648K
  class space    used 8270K, committed 8960K, reserved 1048576K
}
Event: 23650.163 GC heap before
{Heap before GC invocations=1736 (full 5):
 PSYoungGen      total 20480K, used 20415K [0x00000000d5580000, 0x00000000d7000000, 0x0000000100000000)
  eden space 17920K, 99% used [0x00000000d5580000,0x00000000d66f58c0,0x00000000d6700000)
  from space 2560K, 99% used [0x00000000d6b80000,0x00000000d6dfa4a8,0x00000000d6e00000)
  to   space 4608K, 0% used [0x00000000d6700000,0x00000000d6700000,0x00000000d6b80000)
 ParOldGen       total 1028096K, used 286171K [0x0000000080000000, 0x00000000bec00000, 0x00000000d5580000)
  object space 1028096K, 27% used [0x0000000080000000,0x0000000091776d20,0x00000000bec00000)
 Metaspace       used 83170K, committed 84800K, reserved 1179648K
  class space    used 8270K, committed 8960K, reserved 1048576K
}
Event: 23650.201 GC heap after
{Heap after GC invocations=1736 (full 5):
 PSYoungGen      total 18432K, used 272K [0x00000000d5580000, 0x00000000d6c00000, 0x0000000100000000)
  eden space 17920K, 0% used [0x00000000d5580000,0x00000000d5580000,0x00000000d6700000)
  from space 512K, 53% used [0x00000000d6700000,0x00000000d6744010,0x00000000d6780000)
  to   space 2048K, 0% used [0x00000000d6a00000,0x00000000d6a00000,0x00000000d6c00000)
 ParOldGen       total 1028096K, used 288443K [0x0000000080000000, 0x00000000bec00000, 0x00000000d5580000)
  object space 1028096K, 28% used [0x0000000080000000,0x00000000919aed40,0x00000000bec00000)
 Metaspace       used 83170K, committed 84800K, reserved 1179648K
  class space    used 8270K, committed 8960K, reserved 1048576K
}

